<?xml version="1.0"?>
<testsuites>
<testsuite xmlns:xsi="http://www.w3.org/2001/XMLSchema-instance" xsi:noNamespaceSchemaLocation="https://maven.apache.org/surefire/maven-surefire-plugin/xsd/surefire-test-report.xsd" name="com.devsu.hackerearth.backend.account.sampleTest" time="4.121" tests="1" errors="0" skipped="0" failures="1">
  
  <properties>
[...]
</properties>
  
  <testcase name="createAccountTest" classname="com.devsu.hackerearth.backend.account.sampleTest" time="0.041">
    
    <failure message="expected: &lt;201 CREATED&gt; but was: &lt;200 OK&gt;" type="org.opentest4j.AssertionFailedError"><![CDATA[org.opentest4j.AssertionFailedError: expected: <201 CREATED> but was: <200 OK>
	at com.devsu.hackerearth.backend.account.sampleTest.createAccountTest(sampleTest.java:32)]]></failure>
    
    <system-out><![CDATA[19:20:19.945 [main] DEBUG org.springframework.test.context.BootstrapUtils - Instantiating CacheAwareContextLoaderDelegate from class [org.springframework.test.context.cache.DefaultCacheAwareContextLoaderDelegate]
19:20:19.957 [main] DEBUG org.springframework.test.context.BootstrapUtils - Instantiating BootstrapContext using constructor [public org.springframework.test.context.support.DefaultBootstrapContext(java.lang.Class,org.springframework.test.context.CacheAwareContextLoaderDelegate)]
19:20:19.993 [main] DEBUG org.springframework.test.context.BootstrapUtils - Instantiating TestContextBootstrapper for test class [com.devsu.hackerearth.backend.account.sampleTest] from class [org.springframework.boot.test.context.SpringBootTestContextBootstrapper]
19:20:20.003 [main] INFO org.springframework.boot.test.context.SpringBootTestContextBootstrapper - Neither @ContextConfiguration nor @ContextHierarchy found for test class [com.devsu.hackerearth.backend.account.sampleTest], using SpringBootContextLoader
19:20:20.006 [main] DEBUG org.springframework.test.context.support.AbstractContextLoader - Did not detect default resource location for test class [com.devsu.hackerearth.backend.account.sampleTest]: class path resource [com/devsu/hackerearth/backend/account/sampleTest-context.xml] does not exist
19:20:20.007 [main] DEBUG org.springframework.test.context.support.AbstractContextLoader - Did not detect default resource location for test class [com.devsu.hackerearth.backend.account.sampleTest]: class path resource [com/devsu/hackerearth/backend/account/sampleTestContext.groovy] does not exist
19:20:20.007 [main] INFO org.springframework.test.context.support.AbstractContextLoader - Could not detect default resource locations for test class [com.devsu.hackerearth.backend.account.sampleTest]: no resource found for suffixes {-context.xml, Context.groovy}.
19:20:20.007 [main] INFO org.springframework.test.context.support.AnnotationConfigContextLoaderUtils - Could not detect default configuration classes for test class [com.devsu.hackerearth.backend.account.sampleTest]: sampleTest does not declare any static, non-private, non-final, nested classes annotated with @Configuration.
19:20:20.049 [main] DEBUG org.springframework.test.context.support.ActiveProfilesUtils - Could not find an 'annotation declaring class' for annotation type [org.springframework.test.context.ActiveProfiles] and class [com.devsu.hackerearth.backend.account.sampleTest]
19:20:20.108 [main] DEBUG org.springframework.context.annotation.ClassPathScanningCandidateComponentProvider - Identified candidate component class: file [/home/project/Microservices/BankApplication/account/target/classes/com/devsu/hackerearth/backend/account/AccountApplication.class]
19:20:20.109 [main] INFO org.springframework.boot.test.context.SpringBootTestContextBootstrapper - Found @SpringBootConfiguration com.devsu.hackerearth.backend.account.AccountApplication for test class com.devsu.hackerearth.backend.account.sampleTest
19:20:20.189 [main] DEBUG org.springframework.boot.test.context.SpringBootTestContextBootstrapper - @TestExecutionListeners is not present for class [com.devsu.hackerearth.backend.account.sampleTest]: using defaults.
19:20:20.189 [main] INFO org.springframework.boot.test.context.SpringBootTestContextBootstrapper - Loaded default TestExecutionListener class names from location [META-INF/spring.factories]: [org.springframework.boot.test.mock.mockito.MockitoTestExecutionListener, org.springframework.boot.test.mock.mockito.ResetMocksTestExecutionListener, org.springframework.boot.test.autoconfigure.restdocs.RestDocsTestExecutionListener, org.springframework.boot.test.autoconfigure.web.client.MockRestServiceServerResetTestExecutionListener, org.springframework.boot.test.autoconfigure.web.servlet.MockMvcPrintOnlyOnFailureTestExecutionListener, org.springframework.boot.test.autoconfigure.web.servlet.WebDriverTestExecutionListener, org.springframework.boot.test.autoconfigure.webservices.client.MockWebServiceServerTestExecutionListener, org.springframework.test.context.web.ServletTestExecutionListener, org.springframework.test.context.support.DirtiesContextBeforeModesTestExecutionListener, org.springframework.test.context.event.ApplicationEventsTestExecutionListener, org.springframework.test.context.support.DependencyInjectionTestExecutionListener, org.springframework.test.context.support.DirtiesContextTestExecutionListener, org.springframework.test.context.transaction.TransactionalTestExecutionListener, org.springframework.test.context.jdbc.SqlScriptsTestExecutionListener, org.springframework.test.context.event.EventPublishingTestExecutionListener]
19:20:20.201 [main] INFO org.springframework.boot.test.context.SpringBootTestContextBootstrapper - Using TestExecutionListeners: [org.springframework.test.context.web.ServletTestExecutionListener@3370f42, org.springframework.test.context.support.DirtiesContextBeforeModesTestExecutionListener@6057aebb, org.springframework.test.context.event.ApplicationEventsTestExecutionListener@63eef88a, org.springframework.boot.test.mock.mockito.MockitoTestExecutionListener@53251a66, org.springframework.boot.test.autoconfigure.SpringBootDependencyInjectionTestExecutionListener@6853425f, org.springframework.test.context.support.DirtiesContextTestExecutionListener@352c1b98, org.springframework.test.context.transaction.TransactionalTestExecutionListener@21129f1f, org.springframework.test.context.jdbc.SqlScriptsTestExecutionListener@5a9f4771, org.springframework.test.context.event.EventPublishingTestExecutionListener@282cb7c7, org.springframework.boot.test.mock.mockito.ResetMocksTestExecutionListener@7d898981, org.springframework.boot.test.autoconfigure.restdocs.RestDocsTestExecutionListener@48d61b48, org.springframework.boot.test.autoconfigure.web.client.MockRestServiceServerResetTestExecutionListener@68d279ec, org.springframework.boot.test.autoconfigure.web.servlet.MockMvcPrintOnlyOnFailureTestExecutionListener@258d79be, org.springframework.boot.test.autoconfigure.web.servlet.WebDriverTestExecutionListener@14f9390f, org.springframework.boot.test.autoconfigure.webservices.client.MockWebServiceServerTestExecutionListener@6c0d7c83]
19:20:20.204 [main] DEBUG org.springframework.test.context.support.AbstractDirtiesContextTestExecutionListener - Before test class: context [DefaultTestContext@6d07a63d testClass = sampleTest, testInstance = [null], testMethod = [null], testException = [null], mergedContextConfiguration = [WebMergedContextConfiguration@571c5681 testClass = sampleTest, locations = '{}', classes = '{class com.devsu.hackerearth.backend.account.AccountApplication}', contextInitializerClasses = '[]', activeProfiles = '{}', propertySourceLocations = '{}', propertySourceProperties = '{org.springframework.boot.test.context.SpringBootTestContextBootstrapper=true}', contextCustomizers = set[org.springframework.boot.test.context.filter.ExcludeFilterContextCustomizer@152aa092, org.springframework.boot.test.json.DuplicateJsonObjectContextCustomizerFactory$DuplicateJsonObjectContextCustomizer@776b83cc, org.springframework.boot.test.mock.mockito.MockitoContextCustomizer@0, org.springframework.boot.test.web.client.TestRestTemplateContextCustomizer@503d687a, org.springframework.boot.test.autoconfigure.actuate.metrics.MetricsExportContextCustomizerFactory$DisableMetricExportContextCustomizer@7690781, org.springframework.boot.test.autoconfigure.properties.PropertyMappingContextCustomizer@0, org.springframework.boot.test.autoconfigure.web.servlet.WebDriverContextCustomizerFactory$Customizer@53976f5c, org.springframework.boot.test.context.SpringBootTestArgs@1, org.springframework.boot.test.context.SpringBootTestWebEnvironment@2a17b7b6], resourceBasePath = 'src/main/webapp', contextLoader = 'org.springframework.boot.test.context.SpringBootContextLoader', parent = [null]], attributes = map['org.springframework.test.context.web.ServletTestExecutionListener.activateListener' -> true]], class annotated with @DirtiesContext [false] with mode [null].
19:20:20.561 [main] DEBUG org.springframework.test.context.support.TestPropertySourceUtils - Adding inlined properties to environment: {spring.jmx.enabled=false, org.springframework.boot.test.context.SpringBootTestContextBootstrapper=true}

  .   ____          _            __ _ _
 /\\ / ___'_ __ _ _(_)_ __  __ _ \ \ \ \
( ( )\___ | '_ | '_| | '_ \/ _` | \ \ \ \
 \\/  ___)| |_)| | | | | || (_| |  ) ) ) )
  '  |____| .__|_| |_|_| |_\__, | / / / /
 =========|_|==============|___/=/_/_/_/
 :: Spring Boot ::                (v2.4.2)

2025-02-16 19:20:20.792  INFO 36990 --- [           main] c.d.h.backend.account.sampleTest         : Starting sampleTest using Java 11.0.25 on ip-172-20-22-165.ap-southeast-1.compute.internal with PID 36990 (started by root in /home/project/Microservices/BankApplication/account)
2025-02-16 19:20:20.807  INFO 36990 --- [           main] c.d.h.backend.account.sampleTest         : No active profile set, falling back to default profiles: default
2025-02-16 19:20:21.616  INFO 36990 --- [           main] .s.d.r.c.RepositoryConfigurationDelegate : Bootstrapping Spring Data JPA repositories in DEFAULT mode.
2025-02-16 19:20:21.669  INFO 36990 --- [           main] .s.d.r.c.RepositoryConfigurationDelegate : Finished Spring Data repository scanning in 45 ms. Found 2 JPA repository interfaces.
2025-02-16 19:20:22.145  INFO 36990 --- [           main] com.zaxxer.hikari.HikariDataSource       : HikariPool-1 - Starting...
2025-02-16 19:20:22.365  INFO 36990 --- [           main] com.zaxxer.hikari.HikariDataSource       : HikariPool-1 - Start completed.
2025-02-16 19:20:22.436  INFO 36990 --- [           main] o.hibernate.jpa.internal.util.LogHelper  : HHH000204: Processing PersistenceUnitInfo [name: default]
2025-02-16 19:20:22.484  INFO 36990 --- [           main] org.hibernate.Version                    : HHH000412: Hibernate ORM core version 5.4.27.Final
2025-02-16 19:20:22.512  INFO 36990 --- [           main] o.hibernate.annotations.common.Version   : HCANN000001: Hibernate Commons Annotations {5.1.2.Final}
2025-02-16 19:20:22.596  INFO 36990 --- [           main] org.hibernate.dialect.Dialect            : HHH000400: Using dialect: org.hibernate.dialect.H2Dialect
2025-02-16 19:20:22.981  INFO 36990 --- [           main] o.h.e.t.j.p.i.JtaPlatformInitiator       : HHH000490: Using JtaPlatform implementation: [org.hibernate.engine.transaction.jta.platform.internal.NoJtaPlatform]
2025-02-16 19:20:22.989  INFO 36990 --- [           main] j.LocalContainerEntityManagerFactoryBean : Initialized JPA EntityManagerFactory for persistence unit 'default'
2025-02-16 19:20:23.526  WARN 36990 --- [           main] JpaBaseConfiguration$JpaWebConfiguration : spring.jpa.open-in-view is enabled by default. Therefore, database queries may be performed during view rendering. Explicitly configure spring.jpa.open-in-view to disable this warning
2025-02-16 19:20:23.702  INFO 36990 --- [           main] o.s.s.concurrent.ThreadPoolTaskExecutor  : Initializing ExecutorService 'applicationTaskExecutor'
2025-02-16 19:20:23.940  INFO 36990 --- [           main] c.d.h.backend.account.sampleTest         : Started sampleTest in 3.374 seconds (JVM running for 4.622)]]></system-out>
    
  </testcase>
  
</testsuite>
<testsuite xmlns:xsi="http://www.w3.org/2001/XMLSchema-instance" xsi:noNamespaceSchemaLocation="https://maven.apache.org/surefire/maven-surefire-plugin/xsd/surefire-test-report.xsd" name="com.devsu.hackerearth.backend.client.sampleTest" time="4.648" tests="4" errors="0" skipped="0" failures="1">
  
  <properties>
[...]
</properties>
  
  <testcase name="createClientTest" classname="com.devsu.hackerearth.backend.client.sampleTest" time="0.06">
    
    <failure message="expected: &lt;201 CREATED&gt; but was: &lt;200 OK&gt;" type="org.opentest4j.AssertionFailedError"><![CDATA[org.opentest4j.AssertionFailedError: expected: <201 CREATED> but was: <200 OK>
	at com.devsu.hackerearth.backend.client.sampleTest.createClientTest(sampleTest.java:55)]]></failure>
    
    <system-out><![CDATA[19:20:27.942 [main] DEBUG org.springframework.test.context.BootstrapUtils - Instantiating CacheAwareContextLoaderDelegate from class [org.springframework.test.context.cache.DefaultCacheAwareContextLoaderDelegate]
19:20:27.952 [main] DEBUG org.springframework.test.context.BootstrapUtils - Instantiating BootstrapContext using constructor [public org.springframework.test.context.support.DefaultBootstrapContext(java.lang.Class,org.springframework.test.context.CacheAwareContextLoaderDelegate)]
19:20:27.989 [main] DEBUG org.springframework.test.context.BootstrapUtils - Instantiating TestContextBootstrapper for test class [com.devsu.hackerearth.backend.client.sampleTest] from class [org.springframework.boot.test.context.SpringBootTestContextBootstrapper]
19:20:28.000 [main] INFO org.springframework.boot.test.context.SpringBootTestContextBootstrapper - Neither @ContextConfiguration nor @ContextHierarchy found for test class [com.devsu.hackerearth.backend.client.sampleTest], using SpringBootContextLoader
19:20:28.003 [main] DEBUG org.springframework.test.context.support.AbstractContextLoader - Did not detect default resource location for test class [com.devsu.hackerearth.backend.client.sampleTest]: class path resource [com/devsu/hackerearth/backend/client/sampleTest-context.xml] does not exist
19:20:28.004 [main] DEBUG org.springframework.test.context.support.AbstractContextLoader - Did not detect default resource location for test class [com.devsu.hackerearth.backend.client.sampleTest]: class path resource [com/devsu/hackerearth/backend/client/sampleTestContext.groovy] does not exist
19:20:28.004 [main] INFO org.springframework.test.context.support.AbstractContextLoader - Could not detect default resource locations for test class [com.devsu.hackerearth.backend.client.sampleTest]: no resource found for suffixes {-context.xml, Context.groovy}.
19:20:28.005 [main] INFO org.springframework.test.context.support.AnnotationConfigContextLoaderUtils - Could not detect default configuration classes for test class [com.devsu.hackerearth.backend.client.sampleTest]: sampleTest does not declare any static, non-private, non-final, nested classes annotated with @Configuration.
19:20:28.058 [main] DEBUG org.springframework.test.context.support.ActiveProfilesUtils - Could not find an 'annotation declaring class' for annotation type [org.springframework.test.context.ActiveProfiles] and class [com.devsu.hackerearth.backend.client.sampleTest]
19:20:28.112 [main] DEBUG org.springframework.context.annotation.ClassPathScanningCandidateComponentProvider - Identified candidate component class: file [/home/project/Microservices/BankApplication/client/target/classes/com/devsu/hackerearth/backend/client/ClientApplication.class]
19:20:28.112 [main] INFO org.springframework.boot.test.context.SpringBootTestContextBootstrapper - Found @SpringBootConfiguration com.devsu.hackerearth.backend.client.ClientApplication for test class com.devsu.hackerearth.backend.client.sampleTest
19:20:28.187 [main] DEBUG org.springframework.boot.test.context.SpringBootTestContextBootstrapper - @TestExecutionListeners is not present for class [com.devsu.hackerearth.backend.client.sampleTest]: using defaults.
19:20:28.188 [main] INFO org.springframework.boot.test.context.SpringBootTestContextBootstrapper - Loaded default TestExecutionListener class names from location [META-INF/spring.factories]: [org.springframework.boot.test.mock.mockito.MockitoTestExecutionListener, org.springframework.boot.test.mock.mockito.ResetMocksTestExecutionListener, org.springframework.boot.test.autoconfigure.restdocs.RestDocsTestExecutionListener, org.springframework.boot.test.autoconfigure.web.client.MockRestServiceServerResetTestExecutionListener, org.springframework.boot.test.autoconfigure.web.servlet.MockMvcPrintOnlyOnFailureTestExecutionListener, org.springframework.boot.test.autoconfigure.web.servlet.WebDriverTestExecutionListener, org.springframework.boot.test.autoconfigure.webservices.client.MockWebServiceServerTestExecutionListener, org.springframework.test.context.web.ServletTestExecutionListener, org.springframework.test.context.support.DirtiesContextBeforeModesTestExecutionListener, org.springframework.test.context.event.ApplicationEventsTestExecutionListener, org.springframework.test.context.support.DependencyInjectionTestExecutionListener, org.springframework.test.context.support.DirtiesContextTestExecutionListener, org.springframework.test.context.transaction.TransactionalTestExecutionListener, org.springframework.test.context.jdbc.SqlScriptsTestExecutionListener, org.springframework.test.context.event.EventPublishingTestExecutionListener]
19:20:28.201 [main] INFO org.springframework.boot.test.context.SpringBootTestContextBootstrapper - Using TestExecutionListeners: [org.springframework.test.context.web.ServletTestExecutionListener@36a5cabc, org.springframework.test.context.support.DirtiesContextBeforeModesTestExecutionListener@432038ec, org.springframework.test.context.event.ApplicationEventsTestExecutionListener@7daa0fbd, org.springframework.boot.test.mock.mockito.MockitoTestExecutionListener@42530531, org.springframework.boot.test.autoconfigure.SpringBootDependencyInjectionTestExecutionListener@5a3bc7ed, org.springframework.test.context.support.DirtiesContextTestExecutionListener@181e731e, org.springframework.test.context.transaction.TransactionalTestExecutionListener@35645047, org.springframework.test.context.jdbc.SqlScriptsTestExecutionListener@6f44a157, org.springframework.test.context.event.EventPublishingTestExecutionListener@6bc407fd, org.springframework.boot.test.mock.mockito.ResetMocksTestExecutionListener@291f18, org.springframework.boot.test.autoconfigure.restdocs.RestDocsTestExecutionListener@17d88132, org.springframework.boot.test.autoconfigure.web.client.MockRestServiceServerResetTestExecutionListener@5ddcc487, org.springframework.boot.test.autoconfigure.web.servlet.MockMvcPrintOnlyOnFailureTestExecutionListener@16eccb2e, org.springframework.boot.test.autoconfigure.web.servlet.WebDriverTestExecutionListener@5ef5c734, org.springframework.boot.test.autoconfigure.webservices.client.MockWebServiceServerTestExecutionListener@d771cc9]
19:20:28.205 [main] DEBUG org.springframework.test.context.support.AbstractDirtiesContextTestExecutionListener - Before test class: context [DefaultTestContext@6d167f58 testClass = sampleTest, testInstance = [null], testMethod = [null], testException = [null], mergedContextConfiguration = [WebMergedContextConfiguration@3403e2ac testClass = sampleTest, locations = '{}', classes = '{class com.devsu.hackerearth.backend.client.ClientApplication}', contextInitializerClasses = '[]', activeProfiles = '{}', propertySourceLocations = '{}', propertySourceProperties = '{org.springframework.boot.test.context.SpringBootTestContextBootstrapper=true}', contextCustomizers = set[[ImportsContextCustomizer@65b104b9 key = [org.springframework.boot.test.autoconfigure.web.servlet.MockMvcAutoConfiguration, org.springframework.boot.test.autoconfigure.web.servlet.MockMvcWebClientAutoConfiguration, org.springframework.boot.test.autoconfigure.web.servlet.MockMvcWebDriverAutoConfiguration, org.springframework.boot.autoconfigure.security.oauth2.client.servlet.OAuth2ClientAutoConfiguration, org.springframework.boot.autoconfigure.security.oauth2.resource.servlet.OAuth2ResourceServerAutoConfiguration, org.springframework.boot.autoconfigure.security.servlet.SecurityAutoConfiguration, org.springframework.boot.autoconfigure.security.servlet.SecurityFilterAutoConfiguration, org.springframework.boot.autoconfigure.security.servlet.UserDetailsServiceAutoConfiguration, org.springframework.boot.test.autoconfigure.web.servlet.MockMvcSecurityConfiguration]], org.springframework.boot.test.context.filter.ExcludeFilterContextCustomizer@5fbdfdcf, org.springframework.boot.test.json.DuplicateJsonObjectContextCustomizerFactory$DuplicateJsonObjectContextCustomizer@25084a1e, org.springframework.boot.test.mock.mockito.MockitoContextCustomizer@0, org.springframework.boot.test.web.client.TestRestTemplateContextCustomizer@6283d8b8, org.springframework.boot.test.autoconfigure.actuate.metrics.MetricsExportContextCustomizerFactory$DisableMetricExportContextCustomizer@6cd28fa7, org.springframework.boot.test.autoconfigure.properties.PropertyMappingContextCustomizer@4b3fa0b3, org.springframework.boot.test.autoconfigure.web.servlet.WebDriverContextCustomizerFactory$Customizer@1b2abca6, org.springframework.boot.test.context.SpringBootTestArgs@1, org.springframework.boot.test.context.SpringBootTestWebEnvironment@56aac163], resourceBasePath = 'src/main/webapp', contextLoader = 'org.springframework.boot.test.context.SpringBootContextLoader', parent = [null]], attributes = map['org.springframework.test.context.web.ServletTestExecutionListener.activateListener' -> true]], class annotated with @DirtiesContext [false] with mode [null].
19:20:28.527 [main] DEBUG org.springframework.test.context.support.TestPropertySourceUtils - Adding inlined properties to environment: {spring.jmx.enabled=false, org.springframework.boot.test.context.SpringBootTestContextBootstrapper=true}

  .   ____          _            __ _ _
 /\\ / ___'_ __ _ _(_)_ __  __ _ \ \ \ \
( ( )\___ | '_ | '_| | '_ \/ _` | \ \ \ \
 \\/  ___)| |_)| | | | | || (_| |  ) ) ) )
  '  |____| .__|_| |_|_| |_\__, | / / / /
 =========|_|==============|___/=/_/_/_/
 :: Spring Boot ::                (v2.4.2)

2025-02-16 19:20:28.785  INFO 37093 --- [           main] c.d.h.backend.client.sampleTest          : Starting sampleTest using Java 11.0.25 on ip-172-20-22-165.ap-southeast-1.compute.internal with PID 37093 (started by root in /home/project/Microservices/BankApplication/client)
2025-02-16 19:20:28.788  INFO 37093 --- [           main] c.d.h.backend.client.sampleTest          : No active profile set, falling back to default profiles: default
2025-02-16 19:20:29.568  INFO 37093 --- [           main] .s.d.r.c.RepositoryConfigurationDelegate : Bootstrapping Spring Data JPA repositories in DEFAULT mode.
2025-02-16 19:20:29.617  INFO 37093 --- [           main] .s.d.r.c.RepositoryConfigurationDelegate : Finished Spring Data repository scanning in 41 ms. Found 1 JPA repository interfaces.
2025-02-16 19:20:30.128  INFO 37093 --- [           main] com.zaxxer.hikari.HikariDataSource       : HikariPool-1 - Starting...
2025-02-16 19:20:30.354  INFO 37093 --- [           main] com.zaxxer.hikari.HikariDataSource       : HikariPool-1 - Start completed.
2025-02-16 19:20:30.424  INFO 37093 --- [           main] o.hibernate.jpa.internal.util.LogHelper  : HHH000204: Processing PersistenceUnitInfo [name: default]
2025-02-16 19:20:30.480  INFO 37093 --- [           main] org.hibernate.Version                    : HHH000412: Hibernate ORM core version 5.4.27.Final
2025-02-16 19:20:30.519  INFO 37093 --- [           main] o.hibernate.annotations.common.Version   : HCANN000001: Hibernate Commons Annotations {5.1.2.Final}
2025-02-16 19:20:30.648  INFO 37093 --- [           main] org.hibernate.dialect.Dialect            : HHH000400: Using dialect: org.hibernate.dialect.H2Dialect
2025-02-16 19:20:31.119  INFO 37093 --- [           main] o.h.e.t.j.p.i.JtaPlatformInitiator       : HHH000490: Using JtaPlatform implementation: [org.hibernate.engine.transaction.jta.platform.internal.NoJtaPlatform]
2025-02-16 19:20:31.127  INFO 37093 --- [           main] j.LocalContainerEntityManagerFactoryBean : Initialized JPA EntityManagerFactory for persistence unit 'default'
2025-02-16 19:20:31.597  WARN 37093 --- [           main] JpaBaseConfiguration$JpaWebConfiguration : spring.jpa.open-in-view is enabled by default. Therefore, database queries may be performed during view rendering. Explicitly configure spring.jpa.open-in-view to disable this warning
2025-02-16 19:20:31.753  INFO 37093 --- [           main] o.s.s.concurrent.ThreadPoolTaskExecutor  : Initializing ExecutorService 'applicationTaskExecutor'
2025-02-16 19:20:32.038  INFO 37093 --- [           main] o.s.b.t.m.w.SpringBootMockServletContext : Initializing Spring TestDispatcherServlet ''
2025-02-16 19:20:32.039  INFO 37093 --- [           main] o.s.t.web.servlet.TestDispatcherServlet  : Initializing Servlet ''
2025-02-16 19:20:32.040  INFO 37093 --- [           main] o.s.t.web.servlet.TestDispatcherServlet  : Completed initialization in 1 ms
2025-02-16 19:20:32.059  INFO 37093 --- [           main] c.d.h.backend.client.sampleTest          : Started sampleTest in 3.527 seconds (JVM running for 4.738)]]></system-out>
    
  </testcase>
  
  <testcase name="getClientByIdNotFoundTest" classname="com.devsu.hackerearth.backend.client.sampleTest" time="0.003"/>
  
  <testcase name="getClientByIdTest" classname="com.devsu.hackerearth.backend.client.sampleTest" time="0.003"/>
  
  <testcase name="createClientIntegrationTest" classname="com.devsu.hackerearth.backend.client.sampleTest" time="0.375"/>
  
</testsuite>
</testsuites>